
 BerkeleyGW version 3.0
 Epsilon code, Complex version, run on 31-Dec-2023 at 19:42:29 +8752

                                                                 ..o.          
                                                                .oxxo.         
                                                               .oxxxxo...      
                                                               oxxxxxxo.       
                                                              .oxxxxxxx.       
                                                              .ooooooxxo..     
                                                              .oooooooxo..     
                                                              .oooooxxo...     
                                                       .........oxooo......    
                                                 ............................  
                                             ................................. 
                                          .................................... 
           .          ..oo. ....  .................................oooxxxxxxxo.
     .............oxxxx@ox@@@x@x.....................o...........ooooooooooxx. 
    .o.........oox@x.oo........xxx@@............ooxxxxo..........ooooxxxxxoxo  
    .x........x@xxo...............o@xxo........oxxx@@@xoooooooooooooooxxxo...  
    .o......ox@@o..................oox@o.....ooxxx@xoooxxxxxxxoooooooooooo.... 
    o..ooooo@@xoooo....ooo...........x@o.....ooxxxxo   .oxxxxxxxxxxooooooo.... 
    . .oooo@@@@@@@@@@@@@@@@@@@@@@@@@@@@@@....ooooox.     .oxx@@@@@xxoo........ 
      .ooooxxxxxxxooooooxooooooooooooooxo...oooooxx.        ..ox@xxxoo.........
      .ooooooxxxx@xoooooooooooooxxoooooooooooxxxxx.            .oxxooooooooxxo.
     .oooooxxxxx@@@xxxxxxxxxxxxxxxxxxxxxxxxoxxxxo.                .oxxxxxxxxo. 
   ....oooxxxxx@@@xo..oxxx@@@@@@xxxxoxxoooooooxx.                  .oxxxoo..   
  .....ooxxxx@@xo.       ........    .ooooooooxxo                              
  ..oooxxxx@@@o                       .oooooooxoo.                             
  ....oxooxxxxx.                       .ooo..oooo.                             
  .....o.ooxxxxxo.                     .oooooooxo.                             
 ......ooooxxxxxxo.                     .ooooooxoo..                           
........ooxxxxxxxo..                     .o....oxoo...                         
.......ooooxxxxxxxo.                     ........oooo.                         
.ooooooo..ooxxxxoooo.                    .........ooo...                       
..oxo...ooooxxxoooo..                    .ooo......oooo...                     
  .ooooo....o.                            .oxxxoo....ooo....                   
    .oooooo...                              ...ooooo...ooo..                   
       ...                                     .oo.......                      
                                               ....ooo...                      
                      __              __                                       
 ______              [  |            [  |                 ._____  _          _ 
|_   _ \              | |  _          | |                /  ___ \| |        | |
  | |_) | .---.  _. _.| | / |  .---.  | | .---.  _    _ / /    \_|\ \  /\  / / 
  |  __'./ /__\\[ /`\_| '' <  / /__\\ | |/ /__\\| \  | | |   _____ \ \/  \/ /  
 _| |__| | \__. | |   | |`\ \ | \___. | || \___. \ \/ / \ \.___| |  \  /\  /   
|_______/ \.__./[_]  [__|  \_] \.__./[___]\.__./  \  /   \.____./    \/  \/    
                                                  / /                          
                                                 /_/                           
 --------------------------------------------------------------------------------
 Please cite the main BerkeleyGW paper when using results from this calculation:

 Jack Deslippe, Georgy Samsonidze, David A. Strubbe, Manish Jain, Marvin L.
 Cohen, and Steven G. Louie, "BerkeleyGW: A Massively Parallel Computer Package
 for the Calculation of the Quasiparticle and Optical Properties of Materials
 and Nanostructures," Comput. Phys. Commun. 183, 1269 (2012)

 Aditionally, PLEASE CITE ALL PAPERS REPORTED AT THE END OF THIS CALCULATION.
 --------------------------------------------------------------------------------

 Running MPI version (parallel)
 Running with 512 MPI task(s)
 Using OpenMP. Number of threads per MPI task: 2
 Number of threads used for sorting routines: 1

 Compilation flags:
 - Compiler: GNU
 - Para. flags: MPI, OMP
 - Math  flags: USESCALAPACK, UNPACKED, USEFFTW3, HDF5
 - Debug flags: 

 Running with verbosity level 1 (default).

 We will start a new calculation from scratch.

 Experimental Features:
  - FFTs Optimization Level: 0
  - Use HDF5 Parallel IO: F


 Using the subsample method to capture several q->0 points.
 We`ll perform a uniform sampling of the full BZ.

 Computing the static inverse dielectric matrix

 We are using matrix communication scheme

 We are communicating via MPI

 We are using a truncated Coulomb interaction: cell slab
 Reading header of WFN
 Highest occupied band (unshifted grid) = 26
 Valence max    (unshifted grid) = -2.093232 eV
 Conduction min (unshifted grid) = -.539855 eV
 Middle energy  (unshifted grid) = -1.316544 eV
 Fermi  energy  (unshifted grid) = -1.316544 eV

 Reading header of WFNq
 Highest occupied band (shifted grid) = 26

 Calculation parameters:
 - Cutoff of the dielectric matrix (Ry): 35.00
 - Total number of bands in the calculation: 459
 - Number of fully occupied valence bands: 26
 - Number of partially occ. conduction bands: 0
 - Monkhorst-Pack q-grid for epsilon(q): 6 6 1

 Running with 7 valence pools
 Number of conduction bands per processor: 6
 Number of valence bands per processor: 4

 Memory available: 3737.6 MB per PE
 Memory required for execution: 1117.2 MB per PE
 Memory required for vcoul: .0 MB per PE

 Number of electrons per unit cell (from ifmax) = 26.000000
 Number of electrons per unit cell (from occupations) = 26.000000
 Plasma Frequency = .856673 Ry


 WARNING: The number of cpus does not divide evenly in the optimal number of pools.
 1cpus are doing no work


 Started reading wavefunctions (WFN) with 4590 state(s) at 19:42:30.
 [ 19:42:30 |   0% ] state    1 / 4590.
 [ 19:42:30 |   0% ] state    3 / 4590, remaining: 23 s.
 [ 19:42:30 |  10% ] state  459 / 4590, remaining: 5 s.
 [ 19:42:31 |  20% ] state  918 / 4590, remaining: 4 s.
 [ 19:42:31 |  30% ] state 1377 / 4590, remaining: 4 s.
 [ 19:42:32 |  40% ] state 1836 / 4590, remaining: 3 s.
 [ 19:42:32 |  50% ] state 2295 / 4590, remaining: 3 s.
 [ 19:42:33 |  60% ] state 2754 / 4590, remaining: 2 s.
 [ 19:42:33 |  70% ] state 3213 / 4590, remaining: 2 s.
 [ 19:42:34 |  80% ] state 3672 / 4590, remaining: 1 s.
 [ 19:42:34 |  90% ] state 4131 / 4590, remaining: 1 s.
 [ 19:42:35 | 100% ] state 4590 / 4590, remaining: 0 s.
 Finished reading wavefunctions (WFN) at 19:42:35.
 Elapsed time: 5 s.

 Initializing eps0mat.h5
 - Screened Coulomb cutoff: 35.000 Ry
 - Total number of bands: 459
 - Number of q-points: 10

 Scissors parameters:
 - Valence:    es =   0.0000 eV, e0 =   0.0000 eV, edel =   0.0000
 - Conduction: es =   0.0000 eV, e0 =   0.0000 eV, edel =   0.0000

 Q0 and |Q0| =  0.000505  0.000505  0.000000  0.001054
 Q0 and |Q0| =  0.002020  0.002020  0.000000  0.004215
 Q0 and |Q0| =  0.004545  0.004545  0.000000  0.009484
 Q0 and |Q0| =  0.008081  0.008081  0.000000  0.016860
 Q0 and |Q0| =  0.012626  0.012626  0.000000  0.026345
 Q0 and |Q0| =  0.018181  0.018181  0.000000  0.037936
 Q0 and |Q0| =  0.024747  0.024747  0.000000  0.051635
 Q0 and |Q0| =  0.032322  0.032322  0.000000  0.067442
 Q0 and |Q0| =  0.040908  0.040908  0.000000  0.085356
 Q0 and |Q0| =  0.050503  0.050503  0.000000  0.105378

 ==================================== WARNING ====================================
 You have enabled spin polarization or full spinor calculations.
 Current formalism and implementation adopted by BerkeleyGW implicitly assumes
 time-reversal symmetry (TRS), e.g. in the standard Adler-Wiser RPA polarizability.
 Running magnetic/broken-TRS systems is fundamentally against these assumptions.
 One needs to be aware of and justify its direct usage. Use at your own risk.
 =================================================================================
 GPU acceleration is : DISABLED

 Algorithms used:
 - mtxel         : CPU_ALGO
 - chi_summation : CPU_ALGO

 You have a slightly shifted q0 vector and a semiconductor.
 So, reading from WFNq.
 Reading header of WFNq
 Highest occupied band (shifted grid) = 26

 Started reading wavefunctions (WFNq) with 9360 state(s) at 19:42:35.
 [ 19:42:35 |   0% ] state    1 / 9360.
 [ 19:42:35 |   0% ] state    3 / 9360, remaining: 28 s.
 [ 19:42:37 |  10% ] state  936 / 9360, remaining: 19 s.
 [ 19:42:39 |  20% ] state 1872 / 9360, remaining: 17 s.
 [ 19:42:41 |  30% ] state 2808 / 9360, remaining: 15 s.
 [ 19:42:43 |  40% ] state 3744 / 9360, remaining: 13 s.
 [ 19:42:46 |  50% ] state 4680 / 9360, remaining: 11 s.
 [ 19:42:48 |  60% ] state 5616 / 9360, remaining: 9 s.
 [ 19:42:50 |  70% ] state 6552 / 9360, remaining: 6 s.
 [ 19:42:52 |  80% ] state 7488 / 9360, remaining: 4 s.
 [ 19:42:54 |  90% ] state 8424 / 9360, remaining: 2 s.
 [ 19:42:57 | 100% ] state 9360 / 9360, remaining: 0 s.
 Finished reading wavefunctions (WFNq) at 19:42:57.
 Elapsed time: 22 s.

 Summary of the WFN files:
 - Number of k-points in WFN: 10
 - Number of k-points in WFNq: 360
 - Number of k-points in the full BZ of WFN: 36

================================================================================
 19:42:57   Dealing with q =  0.000505  0.000505  0.000000                1 / 10
================================================================================

 This is the special q->0 point.
 Rank of the polarizability matrix (nmtx): 6239

 BLACS processor grid:  16 x  32; BLOCKSIZE =   32

 Number of k-points in the irreducible BZ(q) (nrk): 36

 Started calculation of matrix elements with 144 transition(s) at 19:42:57.
 [ 19:42:57 |   0% ] transition   1 / 144.
 [ 19:42:57 |   1% ] transition   3 / 144, remaining: 41 s.
 [ 19:43:01 |  10% ] transition  15 / 144, remaining: 41 s.
 [ 19:43:05 |  19% ] transition  29 / 144, remaining: 36 s.
 [ 19:43:10 |  30% ] transition  44 / 144, remaining: 31 s.
 [ 19:43:14 |  40% ] transition  58 / 144, remaining: 26 s.
 [ 19:43:19 |  50% ] transition  73 / 144, remaining: 22 s.
 [ 19:43:23 |  60% ] transition  87 / 144, remaining: 17 s.
 [ 19:43:27 |  69% ] transition 101 / 144, remaining: 13 s.
 [ 19:43:31 |  80% ] transition 116 / 144, remaining: 9 s.
 [ 19:43:36 |  90% ] transition 130 / 144, remaining: 5 s.
 Finished calculation of matrix elements at 19:43:40.
 Elapsed time: 43 s.

 Preparing simple convergence tests with 433 unoccupied bands.

 Started building polarizability matrix with 512 processor(s) at 19:44:06.
 [ 19:44:06 |   0% ] processor   1 / 512.
 [ 19:44:07 |   0% ] processor   3 / 512, remaining: 45 s.
 [ 19:44:10 |  10% ] processor  52 / 512, remaining: 28 s.
 [ 19:44:13 |  20% ] processor 103 / 512, remaining: 25 s.
 [ 19:44:16 |  30% ] processor 154 / 512, remaining: 22 s.
 [ 19:44:19 |  40% ] processor 205 / 512, remaining: 19 s.
 [ 19:44:22 |  50% ] processor 257 / 512, remaining: 16 s.
 [ 19:44:25 |  60% ] processor 308 / 512, remaining: 13 s.
 [ 19:44:28 |  70% ] processor 359 / 512, remaining: 9 s.
 [ 19:44:31 |  80% ] processor 410 / 512, remaining: 6 s.
 [ 19:44:34 |  90% ] processor 461 / 512, remaining: 3 s.
 Finished building polarizability matrix at 19:44:38.
 Elapsed time: 31 s.

 q-pt      1: Head of Epsilon         =    1.090246377902645E+000   0.000000000000000E+000
 q-pt      1: Epsilon(2,2)            =    3.761925399822842E+000   0.000000000000000E+000
 q-pt      1: Head of Epsilon Inverse =    9.252918206574895E-001  -8.131516293641283E-020
 q-pt      1: Epsilon Inverse(2,2)    =    6.779414820972353E-001   1.507718646112655E-019

 For q0 points, you should check the symmetry (eps(G,G') = eps*(-G,-G')) by
 using the eps0sym code. Wavefunction convergence, as well as a finite q-shift
 may cause this property of eps(G,G') to be broken.

 Writing dielectric matrix to file
 Ok

================================================================================
 19:44:40   Dealing with q =  0.002020  0.002020  0.000000                2 / 10
================================================================================

 This is the special q->0 point.
 Rank of the polarizability matrix (nmtx): 6239

 BLACS processor grid:  16 x  32; BLOCKSIZE =   32

 Number of k-points in the irreducible BZ(q) (nrk): 36

 Started calculation of matrix elements with 144 transition(s) at 19:44:40.
 [ 19:44:40 |   0% ] transition   1 / 144.
 [ 19:44:41 |   1% ] transition   3 / 144, remaining: 41 s.
 [ 19:44:44 |  10% ] transition  15 / 144, remaining: 38 s.
 [ 19:44:48 |  19% ] transition  29 / 144, remaining: 33 s.
 [ 19:44:53 |  30% ] transition  44 / 144, remaining: 29 s.
 [ 19:44:57 |  40% ] transition  58 / 144, remaining: 26 s.
 [ 19:45:01 |  50% ] transition  73 / 144, remaining: 21 s.
 [ 19:45:06 |  60% ] transition  87 / 144, remaining: 17 s.
 [ 19:45:10 |  69% ] transition 101 / 144, remaining: 13 s.
 [ 19:45:14 |  80% ] transition 116 / 144, remaining: 9 s.
 [ 19:45:18 |  90% ] transition 130 / 144, remaining: 4 s.
 Finished calculation of matrix elements at 19:45:22.
 Elapsed time: 42 s.

 Preparing simple convergence tests with 433 unoccupied bands.

 Started building polarizability matrix with 512 processor(s) at 19:45:51.
 [ 19:45:51 |   0% ] processor   1 / 512.
 [ 19:45:51 |   0% ] processor   3 / 512, remaining: 49 s.
 [ 19:45:54 |  10% ] processor  52 / 512, remaining: 28 s.
 [ 19:45:58 |  20% ] processor 103 / 512, remaining: 25 s.
 [ 19:46:01 |  30% ] processor 154 / 512, remaining: 22 s.
 [ 19:46:04 |  40% ] processor 205 / 512, remaining: 20 s.
 [ 19:46:08 |  50% ] processor 257 / 512, remaining: 17 s.
 [ 19:46:12 |  60% ] processor 308 / 512, remaining: 14 s.
 [ 19:46:15 |  70% ] processor 359 / 512, remaining: 10 s.
 [ 19:46:18 |  80% ] processor 410 / 512, remaining: 7 s.
 [ 19:46:21 |  90% ] processor 461 / 512, remaining: 3 s.
 Finished building polarizability matrix at 19:46:24.
 Elapsed time: 33 s.

 q-pt      2: Head of Epsilon         =    1.344031149666951E+000   0.000000000000000E+000
 q-pt      2: Epsilon(2,2)            =    3.649013578891816E+000   0.000000000000000E+000
 q-pt      2: Head of Epsilon Inverse =    7.666148340819393E-001   1.355252715606881E-019
 q-pt      2: Epsilon Inverse(2,2)    =    6.840984123072077E-001  -2.659683454378503E-019

 For q0 points, you should check the symmetry (eps(G,G') = eps*(-G,-G')) by
 using the eps0sym code. Wavefunction convergence, as well as a finite q-shift
 may cause this property of eps(G,G') to be broken.

 Writing dielectric matrix to file
 Ok

================================================================================
 19:46:27   Dealing with q =  0.004545  0.004545  0.000000                3 / 10
================================================================================

 This is the special q->0 point.
 Rank of the polarizability matrix (nmtx): 6239

 BLACS processor grid:  16 x  32; BLOCKSIZE =   32

 Number of k-points in the irreducible BZ(q) (nrk): 36

 Started calculation of matrix elements with 144 transition(s) at 19:46:27.
 [ 19:46:27 |   0% ] transition   1 / 144.
 [ 19:46:27 |   1% ] transition   3 / 144, remaining: 39 s.
 [ 19:46:31 |  10% ] transition  15 / 144, remaining: 41 s.
 [ 19:46:35 |  19% ] transition  29 / 144, remaining: 35 s.
 [ 19:46:40 |  30% ] transition  44 / 144, remaining: 31 s.
 [ 19:46:44 |  40% ] transition  58 / 144, remaining: 27 s.
 [ 19:46:49 |  50% ] transition  73 / 144, remaining: 22 s.
 [ 19:46:53 |  60% ] transition  87 / 144, remaining: 18 s.
 [ 19:46:57 |  69% ] transition 101 / 144, remaining: 13 s.
 [ 19:47:02 |  80% ] transition 116 / 144, remaining: 9 s.
 [ 19:47:06 |  90% ] transition 130 / 144, remaining: 5 s.
 Finished calculation of matrix elements at 19:47:10.
 Elapsed time: 43 s.

 Preparing simple convergence tests with 433 unoccupied bands.

 Started building polarizability matrix with 512 processor(s) at 19:47:36.
 [ 19:47:36 |   0% ] processor   1 / 512.
 [ 19:47:36 |   0% ] processor   3 / 512, remaining: 44 s.
 [ 19:47:39 |  10% ] processor  52 / 512, remaining: 24 s.
 [ 19:47:42 |  20% ] processor 103 / 512, remaining: 22 s.
 [ 19:47:44 |  30% ] processor 154 / 512, remaining: 19 s.
 [ 19:47:47 |  40% ] processor 205 / 512, remaining: 16 s.
 [ 19:47:50 |  50% ] processor 257 / 512, remaining: 14 s.
 [ 19:47:53 |  60% ] processor 308 / 512, remaining: 11 s.
 [ 19:47:55 |  70% ] processor 359 / 512, remaining: 8 s.
 [ 19:47:58 |  80% ] processor 410 / 512, remaining: 5 s.
 [ 19:48:01 |  90% ] processor 461 / 512, remaining: 3 s.
 Finished building polarizability matrix at 19:48:03.
 Elapsed time: 27 s.

 q-pt      3: Head of Epsilon         =    1.718652119406768E+000   0.000000000000000E+000
 q-pt      3: Epsilon(2,2)            =    3.490984673794143E+000   0.000000000000000E+000
 q-pt      3: Head of Epsilon Inverse =    6.217547981305143E-001  -1.355252715606881E-019
 q-pt      3: Epsilon Inverse(2,2)    =    6.888021475556735E-001   1.084202172485504E-019

 For q0 points, you should check the symmetry (eps(G,G') = eps*(-G,-G')) by
 using the eps0sym code. Wavefunction convergence, as well as a finite q-shift
 may cause this property of eps(G,G') to be broken.

 Writing dielectric matrix to file
 Ok

================================================================================
 19:48:06   Dealing with q =  0.008081  0.008081  0.000000                4 / 10
================================================================================

 This is the special q->0 point.
 Rank of the polarizability matrix (nmtx): 6239

 BLACS processor grid:  16 x  32; BLOCKSIZE =   32

 Number of k-points in the irreducible BZ(q) (nrk): 36

 Started calculation of matrix elements with 144 transition(s) at 19:48:06.
 [ 19:48:06 |   0% ] transition   1 / 144.
 [ 19:48:07 |   1% ] transition   3 / 144, remaining: 41 s.
 [ 19:48:10 |  10% ] transition  15 / 144, remaining: 40 s.
 [ 19:48:14 |  19% ] transition  29 / 144, remaining: 35 s.
 [ 19:48:19 |  30% ] transition  44 / 144, remaining: 31 s.
 [ 19:48:23 |  40% ] transition  58 / 144, remaining: 27 s.
 [ 19:48:28 |  50% ] transition  73 / 144, remaining: 22 s.
 [ 19:48:32 |  60% ] transition  87 / 144, remaining: 18 s.
 [ 19:48:36 |  69% ] transition 101 / 144, remaining: 13 s.
 [ 19:48:41 |  80% ] transition 116 / 144, remaining: 9 s.
 [ 19:48:45 |  90% ] transition 130 / 144, remaining: 5 s.
 Finished calculation of matrix elements at 19:48:49.
 Elapsed time: 43 s.

 Preparing simple convergence tests with 433 unoccupied bands.

 Started building polarizability matrix with 512 processor(s) at 19:49:20.
 [ 19:49:20 |   0% ] processor   1 / 512.
 [ 19:49:21 |   0% ] processor   3 / 512, remaining: 43 s.
 [ 19:49:23 |  10% ] processor  52 / 512, remaining: 25 s.
 [ 19:49:26 |  20% ] processor 103 / 512, remaining: 22 s.
 [ 19:49:29 |  30% ] processor 154 / 512, remaining: 19 s.
 [ 19:49:31 |  40% ] processor 205 / 512, remaining: 16 s.
 [ 19:49:34 |  50% ] processor 257 / 512, remaining: 14 s.
 [ 19:49:37 |  60% ] processor 308 / 512, remaining: 11 s.
 [ 19:49:39 |  70% ] processor 359 / 512, remaining: 8 s.
 [ 19:49:42 |  80% ] processor 410 / 512, remaining: 5 s.
 [ 19:49:45 |  90% ] processor 461 / 512, remaining: 3 s.
 Finished building polarizability matrix at 19:49:47.
 Elapsed time: 27 s.

 q-pt      4: Head of Epsilon         =    2.152630094119123E+000   0.000000000000000E+000
 q-pt      4: Epsilon(2,2)            =    3.322616528981211E+000   0.000000000000000E+000
 q-pt      4: Head of Epsilon Inverse =    5.308781616625220E-001  -3.523657060577889E-019
 q-pt      4: Epsilon Inverse(2,2)    =    6.906664716154276E-001  -2.371692252312041E-019

 For q0 points, you should check the symmetry (eps(G,G') = eps*(-G,-G')) by
 using the eps0sym code. Wavefunction convergence, as well as a finite q-shift
 may cause this property of eps(G,G') to be broken.

 Writing dielectric matrix to file
 Ok

================================================================================
 19:49:50   Dealing with q =  0.012626  0.012626  0.000000                5 / 10
================================================================================

 This is the special q->0 point.
 Rank of the polarizability matrix (nmtx): 6239

 BLACS processor grid:  16 x  32; BLOCKSIZE =   32

 Number of k-points in the irreducible BZ(q) (nrk): 36

 Started calculation of matrix elements with 144 transition(s) at 19:49:50.
 [ 19:49:50 |   0% ] transition   1 / 144.
 [ 19:49:51 |   1% ] transition   3 / 144, remaining: 39 s.
 [ 19:49:54 |  10% ] transition  15 / 144, remaining: 41 s.
 [ 19:49:59 |  19% ] transition  29 / 144, remaining: 36 s.
 [ 19:50:03 |  30% ] transition  44 / 144, remaining: 31 s.
 [ 19:50:08 |  40% ] transition  58 / 144, remaining: 27 s.
 [ 19:50:12 |  50% ] transition  73 / 144, remaining: 22 s.
 [ 19:50:17 |  60% ] transition  87 / 144, remaining: 18 s.
 [ 19:50:21 |  69% ] transition 101 / 144, remaining: 14 s.
 [ 19:50:26 |  80% ] transition 116 / 144, remaining: 9 s.
 [ 19:50:30 |  90% ] transition 130 / 144, remaining: 5 s.
 Finished calculation of matrix elements at 19:50:33.
 Elapsed time: 43 s.

 Preparing simple convergence tests with 433 unoccupied bands.

 Started building polarizability matrix with 512 processor(s) at 19:51:03.
 [ 19:51:03 |   0% ] processor   1 / 512.
 [ 19:51:03 |   0% ] processor   3 / 512, remaining: 43 s.
 [ 19:51:06 |  10% ] processor  52 / 512, remaining: 25 s.
 [ 19:51:09 |  20% ] processor 103 / 512, remaining: 22 s.
 [ 19:51:11 |  30% ] processor 154 / 512, remaining: 19 s.
 [ 19:51:14 |  40% ] processor 205 / 512, remaining: 16 s.
 [ 19:51:17 |  50% ] processor 257 / 512, remaining: 14 s.
 [ 19:51:19 |  60% ] processor 308 / 512, remaining: 11 s.
 [ 19:51:22 |  70% ] processor 359 / 512, remaining: 8 s.
 [ 19:51:25 |  80% ] processor 410 / 512, remaining: 5 s.
 [ 19:51:28 |  90% ] processor 461 / 512, remaining: 3 s.
 Finished building polarizability matrix at 19:51:30.
 Elapsed time: 27 s.

 q-pt      5: Head of Epsilon         =    2.580550883456104E+000   0.000000000000000E+000
 q-pt      5: Epsilon(2,2)            =    3.175579393490339E+000   0.000000000000000E+000
 q-pt      5: Head of Epsilon Inverse =    4.912550307150729E-001   0.000000000000000E+000
 q-pt      5: Epsilon Inverse(2,2)    =    6.905944275226823E-001   1.287490079826537E-019

 For q0 points, you should check the symmetry (eps(G,G') = eps*(-G,-G')) by
 using the eps0sym code. Wavefunction convergence, as well as a finite q-shift
 may cause this property of eps(G,G') to be broken.

 Writing dielectric matrix to file
 Ok

================================================================================
 19:51:33   Dealing with q =  0.018181  0.018181  0.000000                6 / 10
================================================================================

 This is the special q->0 point.
 Rank of the polarizability matrix (nmtx): 6239

 BLACS processor grid:  16 x  32; BLOCKSIZE =   32

 Number of k-points in the irreducible BZ(q) (nrk): 36

 Started calculation of matrix elements with 144 transition(s) at 19:51:33.
 [ 19:51:33 |   0% ] transition   1 / 144.
 [ 19:51:33 |   1% ] transition   3 / 144, remaining: 42 s.
 [ 19:51:37 |  10% ] transition  15 / 144, remaining: 40 s.
 [ 19:51:41 |  19% ] transition  29 / 144, remaining: 35 s.
 [ 19:51:46 |  30% ] transition  44 / 144, remaining: 31 s.
 [ 19:51:51 |  40% ] transition  58 / 144, remaining: 27 s.
 [ 19:51:55 |  50% ] transition  73 / 144, remaining: 22 s.
 [ 19:51:59 |  60% ] transition  87 / 144, remaining: 18 s.
 [ 19:52:04 |  69% ] transition 101 / 144, remaining: 14 s.
 [ 19:52:08 |  80% ] transition 116 / 144, remaining: 9 s.
 [ 19:52:13 |  90% ] transition 130 / 144, remaining: 5 s.
 Finished calculation of matrix elements at 19:52:16.
 Elapsed time: 43 s.

 Preparing simple convergence tests with 433 unoccupied bands.

 Started building polarizability matrix with 512 processor(s) at 19:52:46.
 [ 19:52:46 |   0% ] processor   1 / 512.
 [ 19:52:46 |   0% ] processor   3 / 512, remaining: 44 s.
 [ 19:52:49 |  10% ] processor  52 / 512, remaining: 26 s.
 [ 19:52:52 |  20% ] processor 103 / 512, remaining: 23 s.
 [ 19:52:55 |  30% ] processor 154 / 512, remaining: 20 s.
 [ 19:52:57 |  40% ] processor 205 / 512, remaining: 17 s.
 [ 19:53:00 |  50% ] processor 257 / 512, remaining: 14 s.
 [ 19:53:03 |  60% ] processor 308 / 512, remaining: 11 s.
 [ 19:53:06 |  70% ] processor 359 / 512, remaining: 8 s.
 [ 19:53:08 |  80% ] processor 410 / 512, remaining: 6 s.
 [ 19:53:11 |  90% ] processor 461 / 512, remaining: 3 s.
 Finished building polarizability matrix at 19:53:14.
 Elapsed time: 28 s.

 q-pt      6: Head of Epsilon         =    2.947214331803802E+000   0.000000000000000E+000
 q-pt      6: Epsilon(2,2)            =    3.069297959502409E+000   0.000000000000000E+000
 q-pt      6: Head of Epsilon Inverse =    4.880689472318110E-001   3.523657060577889E-019
 q-pt      6: Epsilon Inverse(2,2)    =    6.901080787092432E-001  -1.355252715606881E-020

 For q0 points, you should check the symmetry (eps(G,G') = eps*(-G,-G')) by
 using the eps0sym code. Wavefunction convergence, as well as a finite q-shift
 may cause this property of eps(G,G') to be broken.

 Writing dielectric matrix to file
 Ok

================================================================================
 19:53:16   Dealing with q =  0.024747  0.024747  0.000000                7 / 10
================================================================================

 This is the special q->0 point.
 Rank of the polarizability matrix (nmtx): 6239

 BLACS processor grid:  16 x  32; BLOCKSIZE =   32

 Number of k-points in the irreducible BZ(q) (nrk): 36

 Started calculation of matrix elements with 144 transition(s) at 19:53:16.
 [ 19:53:16 |   0% ] transition   1 / 144.
 [ 19:53:17 |   1% ] transition   3 / 144, remaining: 40 s.
 [ 19:53:20 |  10% ] transition  15 / 144, remaining: 40 s.
 [ 19:53:25 |  19% ] transition  29 / 144, remaining: 35 s.
 [ 19:53:29 |  30% ] transition  44 / 144, remaining: 31 s.
 [ 19:53:34 |  40% ] transition  58 / 144, remaining: 27 s.
 [ 19:53:38 |  50% ] transition  73 / 144, remaining: 22 s.
 [ 19:53:42 |  60% ] transition  87 / 144, remaining: 18 s.
 [ 19:53:46 |  69% ] transition 101 / 144, remaining: 13 s.
 [ 19:53:51 |  80% ] transition 116 / 144, remaining: 9 s.
 [ 19:53:55 |  90% ] transition 130 / 144, remaining: 5 s.
 Finished calculation of matrix elements at 19:53:59.
 Elapsed time: 43 s.

 Preparing simple convergence tests with 433 unoccupied bands.

 Started building polarizability matrix with 512 processor(s) at 19:54:27.
 [ 19:54:27 |   0% ] processor   1 / 512.
 [ 19:54:27 |   0% ] processor   3 / 512, remaining: 43 s.
 [ 19:54:29 |  10% ] processor  52 / 512, remaining: 25 s.
 [ 19:54:32 |  20% ] processor 103 / 512, remaining: 22 s.
 [ 19:54:35 |  30% ] processor 154 / 512, remaining: 19 s.
 [ 19:54:38 |  40% ] processor 205 / 512, remaining: 17 s.
 [ 19:54:40 |  50% ] processor 257 / 512, remaining: 14 s.
 [ 19:54:43 |  60% ] processor 308 / 512, remaining: 11 s.
 [ 19:54:46 |  70% ] processor 359 / 512, remaining: 8 s.
 [ 19:54:48 |  80% ] processor 410 / 512, remaining: 5 s.
 [ 19:54:51 |  90% ] processor 461 / 512, remaining: 3 s.
 Finished building polarizability matrix at 19:54:54.
 Elapsed time: 27 s.

 q-pt      7: Head of Epsilon         =    3.218740332456951E+000   0.000000000000000E+000
 q-pt      7: Epsilon(2,2)            =    3.007441350520208E+000   0.000000000000000E+000
 q-pt      7: Head of Epsilon Inverse =    5.071168835514721E-001   8.131516293641283E-020
 q-pt      7: Epsilon Inverse(2,2)    =    6.905497846832400E-001   3.388131789017201E-020

 For q0 points, you should check the symmetry (eps(G,G') = eps*(-G,-G')) by
 using the eps0sym code. Wavefunction convergence, as well as a finite q-shift
 may cause this property of eps(G,G') to be broken.

 Writing dielectric matrix to file
 Ok

================================================================================
 19:54:56   Dealing with q =  0.032322  0.032322  0.000000                8 / 10
================================================================================

 This is the special q->0 point.
 Rank of the polarizability matrix (nmtx): 6239

 BLACS processor grid:  16 x  32; BLOCKSIZE =   32

 Number of k-points in the irreducible BZ(q) (nrk): 36

 Started calculation of matrix elements with 144 transition(s) at 19:54:56.
 [ 19:54:56 |   0% ] transition   1 / 144.
 [ 19:54:57 |   1% ] transition   3 / 144, remaining: 42 s.
 [ 19:55:01 |  10% ] transition  15 / 144, remaining: 40 s.
 [ 19:55:05 |  19% ] transition  29 / 144, remaining: 35 s.
 [ 19:55:10 |  30% ] transition  44 / 144, remaining: 31 s.
 [ 19:55:14 |  40% ] transition  58 / 144, remaining: 27 s.
 [ 19:55:18 |  50% ] transition  73 / 144, remaining: 22 s.
 [ 19:55:23 |  60% ] transition  87 / 144, remaining: 18 s.
 [ 19:55:27 |  69% ] transition 101 / 144, remaining: 13 s.
 [ 19:55:31 |  80% ] transition 116 / 144, remaining: 9 s.
 [ 19:55:36 |  90% ] transition 130 / 144, remaining: 5 s.
 Finished calculation of matrix elements at 19:55:39.
 Elapsed time: 43 s.

 Preparing simple convergence tests with 433 unoccupied bands.

 Started building polarizability matrix with 512 processor(s) at 19:56:11.
 [ 19:56:11 |   0% ] processor   1 / 512.
 [ 19:56:11 |   0% ] processor   3 / 512, remaining: 43 s.
 [ 19:56:14 |  10% ] processor  52 / 512, remaining: 25 s.
 [ 19:56:17 |  20% ] processor 103 / 512, remaining: 22 s.
 [ 19:56:19 |  30% ] processor 154 / 512, remaining: 19 s.
 [ 19:56:22 |  40% ] processor 205 / 512, remaining: 17 s.
 [ 19:56:25 |  50% ] processor 257 / 512, remaining: 14 s.
 [ 19:56:27 |  60% ] processor 308 / 512, remaining: 11 s.
 [ 19:56:30 |  70% ] processor 359 / 512, remaining: 8 s.
 [ 19:56:33 |  80% ] processor 410 / 512, remaining: 6 s.
 [ 19:56:36 |  90% ] processor 461 / 512, remaining: 3 s.
 Finished building polarizability matrix at 19:56:38.
 Elapsed time: 27 s.

 q-pt      8: Head of Epsilon         =    3.386499180159621E+000   0.000000000000000E+000
 q-pt      8: Epsilon(2,2)            =    2.981029711805061E+000   0.000000000000000E+000
 q-pt      8: Head of Epsilon Inverse =    5.376978668349434E-001  -1.355252715606881E-020
 q-pt      8: Epsilon Inverse(2,2)    =    6.928062742399603E-001  -2.642742795433417E-019

 For q0 points, you should check the symmetry (eps(G,G') = eps*(-G,-G')) by
 using the eps0sym code. Wavefunction convergence, as well as a finite q-shift
 may cause this property of eps(G,G') to be broken.

 Writing dielectric matrix to file
 Ok

================================================================================
 19:56:41   Dealing with q =  0.040908  0.040908  0.000000                9 / 10
================================================================================

 This is the special q->0 point.
 Rank of the polarizability matrix (nmtx): 6239

 BLACS processor grid:  16 x  32; BLOCKSIZE =   32

 Number of k-points in the irreducible BZ(q) (nrk): 36

 Started calculation of matrix elements with 144 transition(s) at 19:56:41.
 [ 19:56:41 |   0% ] transition   1 / 144.
 [ 19:56:42 |   1% ] transition   3 / 144, remaining: 42 s.
 [ 19:56:45 |  10% ] transition  15 / 144, remaining: 40 s.
 [ 19:56:49 |  19% ] transition  29 / 144, remaining: 35 s.
 [ 19:56:54 |  30% ] transition  44 / 144, remaining: 31 s.
 [ 19:56:58 |  40% ] transition  58 / 144, remaining: 26 s.
 [ 19:57:03 |  50% ] transition  73 / 144, remaining: 22 s.
 [ 19:57:07 |  60% ] transition  87 / 144, remaining: 18 s.
 [ 19:57:11 |  69% ] transition 101 / 144, remaining: 13 s.
 [ 19:57:15 |  80% ] transition 116 / 144, remaining: 9 s.
 [ 19:57:20 |  90% ] transition 130 / 144, remaining: 4 s.
 Finished calculation of matrix elements at 19:57:23.
 Elapsed time: 43 s.

 Preparing simple convergence tests with 433 unoccupied bands.

 Started building polarizability matrix with 512 processor(s) at 19:57:53.
 [ 19:57:53 |   0% ] processor   1 / 512.
 [ 19:57:53 |   0% ] processor   3 / 512, remaining: 43 s.
 [ 19:57:56 |  10% ] processor  52 / 512, remaining: 25 s.
 [ 19:57:59 |  20% ] processor 103 / 512, remaining: 22 s.
 [ 19:58:01 |  30% ] processor 154 / 512, remaining: 19 s.
 [ 19:58:04 |  40% ] processor 205 / 512, remaining: 16 s.
 [ 19:58:07 |  50% ] processor 257 / 512, remaining: 14 s.
 [ 19:58:10 |  60% ] processor 308 / 512, remaining: 11 s.
 [ 19:58:12 |  70% ] processor 359 / 512, remaining: 8 s.
 [ 19:58:15 |  80% ] processor 410 / 512, remaining: 5 s.
 [ 19:58:18 |  90% ] processor 461 / 512, remaining: 3 s.
 Finished building polarizability matrix at 19:58:20.
 Elapsed time: 27 s.

 q-pt      9: Head of Epsilon         =    3.462185749026168E+000   0.000000000000000E+000
 q-pt      9: Epsilon(2,2)            =    2.975285315471427E+000   0.000000000000000E+000
 q-pt      9: Head of Epsilon Inverse =    5.725840617503416E-001  -5.421010862427522E-019
 q-pt      9: Epsilon Inverse(2,2)    =    6.972648202476608E-001   3.659182332138577E-019

 For q0 points, you should check the symmetry (eps(G,G') = eps*(-G,-G')) by
 using the eps0sym code. Wavefunction convergence, as well as a finite q-shift
 may cause this property of eps(G,G') to be broken.

 Writing dielectric matrix to file
 Ok

================================================================================
 19:58:23   Dealing with q =  0.050503  0.050503  0.000000               10 / 10
================================================================================

 This is the special q->0 point.
 Rank of the polarizability matrix (nmtx): 6239

 BLACS processor grid:  16 x  32; BLOCKSIZE =   32

 Number of k-points in the irreducible BZ(q) (nrk): 36

 Started calculation of matrix elements with 144 transition(s) at 19:58:23.
 [ 19:58:23 |   0% ] transition   1 / 144.
 [ 19:58:24 |   1% ] transition   3 / 144, remaining: 43 s.
 [ 19:58:27 |  10% ] transition  15 / 144, remaining: 41 s.
 [ 19:58:31 |  19% ] transition  29 / 144, remaining: 35 s.
 [ 19:58:36 |  30% ] transition  44 / 144, remaining: 31 s.
 [ 19:58:40 |  40% ] transition  58 / 144, remaining: 27 s.
 [ 19:58:45 |  50% ] transition  73 / 144, remaining: 22 s.
 [ 19:58:49 |  60% ] transition  87 / 144, remaining: 18 s.
 [ 19:58:53 |  69% ] transition 101 / 144, remaining: 13 s.
 [ 19:58:58 |  80% ] transition 116 / 144, remaining: 9 s.
 [ 19:59:02 |  90% ] transition 130 / 144, remaining: 5 s.
 Finished calculation of matrix elements at 19:59:06.
 Elapsed time: 43 s.

 Preparing simple convergence tests with 433 unoccupied bands.

 Started building polarizability matrix with 512 processor(s) at 19:59:35.
 [ 19:59:35 |   0% ] processor   1 / 512.
 [ 19:59:35 |   0% ] processor   3 / 512, remaining: 43 s.
 [ 19:59:37 |  10% ] processor  52 / 512, remaining: 26 s.
 [ 19:59:40 |  20% ] processor 103 / 512, remaining: 22 s.
 [ 19:59:43 |  30% ] processor 154 / 512, remaining: 20 s.
 [ 19:59:46 |  40% ] processor 205 / 512, remaining: 17 s.
 [ 19:59:48 |  50% ] processor 257 / 512, remaining: 14 s.
 [ 19:59:51 |  60% ] processor 308 / 512, remaining: 11 s.
 [ 19:59:54 |  70% ] processor 359 / 512, remaining: 8 s.
 [ 19:59:57 |  80% ] processor 410 / 512, remaining: 6 s.
 [ 20:00:00 |  90% ] processor 461 / 512, remaining: 3 s.
 Finished building polarizability matrix at 20:00:02.
 Elapsed time: 28 s.

 q-pt     10: Head of Epsilon         =    3.467322306746740E+000   0.000000000000000E+000
 q-pt     10: Epsilon(2,2)            =    2.975663782214717E+000   0.000000000000000E+000
 q-pt     10: Head of Epsilon Inverse =    6.073509958623773E-001  -2.947674656444965E-019
 q-pt     10: Epsilon Inverse(2,2)    =    7.038927039355850E-001   1.084202172485504E-019

 For q0 points, you should check the symmetry (eps(G,G') = eps*(-G,-G')) by
 using the eps0sym code. Wavefunction convergence, as well as a finite q-shift
 may cause this property of eps(G,G') to be broken.

 Writing dielectric matrix to file
 Ok


********************************************************************************
*                                                                              *
* Your calculation employed methods and algorithms published in peer-reviewed  *
* papers. Please, cite the following references to give proper credit to their *
*          authors and help support future development of BerkeleyGW.          *
*                                                                              *
********************************************************************************

 J. Deslippe, G. Samsonidze, D. A. Strubbe, M. Jain, M. L. Cohen, and S. G.
 Louie, BerkeleyGW: A Massively Parallel Computer Package for the Calculation
 of the Quasiparticle and Optical Properties of Materials and Nanostructures,
 Computer Physics Communications 183, 1269 (2012).

 M. S. Hybertsen and S. G. Louie, Electron Correlation in Semiconductors and
 Insulators: Band Gaps and Quasiparticle Energies, Phys. Rev. B 34, 5390
 (1986).

 S. Ismail-Beigi, Truncation of Periodic Image Interactions for Confined
 Systems, Phys. Rev. B 73, 233103 (2006).

 F. H. da Jornada, D. Y. Qiu, and S. G. Louie, Nonuniform Sampling Schemes of
 the Brillouin Zone for Many-Electron Perturbation-Theory Calculations in
 Reduced Dimensionality, Phys. Rev. B 95, 035109 (2017).

 B. A. Barker, and S. G. Louie, Electronic and Optical Properties of Solids
 with Strong Spin-Orbit Coupling, U. C. Berkeley PhD dissertation (2018).

********************************************************************************

 
 Timing information
 
                                CPU time (s)          WALL time (s)       Number
 Routine                       min        max        min        max     of calls
 -------------------------  ---------  ---------  ---------  ---------  --------
 - Eps (I/O) Comm                0.15       0.65       0.24       3.78        10
 - Eps (I/O) IO                 10.26      13.53      10.27      13.53        10
 - Input I/O                     0.67       6.24       0.68       6.44     19372
 - Input Comm                   18.91      25.46      18.72      25.35     19372
 - FFT Zero                      0.00     107.61       0.00      54.93     20160
 - FFT Put                       0.00      91.86       0.00      45.95     20160
 - FFT Plan                      0.00      25.87       0.00      12.80     37440
 - FFT Exec                      0.00     848.62       0.00     424.39     37440
 - FFT Mltply                    0.00     210.88       0.00     105.57     17280
 - FFT Conjg                     0.00      11.88       0.00       6.01      2880
 - FFT Get                       0.00      10.84       0.00       5.41     17280
 - I/O TOTAL                    37.98      41.21      41.16      41.22        17
 - INPUT                         5.39       5.43       5.42       5.43         1
 - INPUT_Q                      21.85      21.87      21.86      21.87         1
 - FULLBZ                        0.00       0.02       0.00       0.04         1
 - GVEC                          0.11       0.33       0.11       0.33        10
 - SUBGRP                        0.00       0.00      -0.00       0.00        10
 - IRRBZ                         0.02       0.13       0.04       0.57        10
 - GENWF                         0.00     129.43      -0.00     120.12      1440
 - MTXEL                         0.00    1250.21       0.00     626.41      1440
 - RQSTAR                        0.00       0.01      -0.00       0.01       360
 - GMAP                          0.47       6.21       0.40       3.25       360
 - EPSINV (TOTAL)               27.81      31.75      23.21      23.51        10
 - CHI SUM (COMM)               29.82     323.66      18.94     275.96      5120
 - CHI SUM (TOTAL)             401.70     825.97     282.37     566.00        10
 - GENWF (VAL)                   0.00      68.89       0.00      59.06      1440
 - GENWF (COND)                  0.00      63.31       0.00      63.32       360
 - EPSINV (VCOUL)                0.01       0.34       0.02       0.34        10
 - JOB SETUP                     0.00       0.01       0.00       0.01         1
 - Q LOOP SETUP                  0.12       0.33       0.12       0.33        10
 - INIT CUTOFF                   0.00       0.00      -0.00       0.00        10
 - INIT SCALAPACK                0.10       0.39       0.10       0.39        10
 - INIT ARRAYS                   0.04       2.25       0.08       1.50        10
 - CONVERGE TESTS                1.00     437.45       0.95     437.48        10
 - MTXEL (DENOM)                 0.00       0.23       0.00       0.11     17280
 - MTXEL (FFT)                   0.00    1250.19       0.00     626.40      1440
 - GENWF (Ekin)                  0.00       5.50       0.00       5.48       720
 - GENWF (Sort)                  0.00      66.37       0.00      66.32       720
 - CHI SUM (zGEMM)               0.01     279.92       0.01     138.20      5120
 - CHI SUM (PREP)                5.18     249.25       4.38     125.24      5120
 - CHI SUM (ARRAY ALLOC)         0.80       5.95       0.78       5.48      5120
 - EPSINV (I/O)                 10.88      14.09      14.05      14.09        10
 - EPSINV (INVERT)              16.66      17.40       8.92       8.95        10
 - CHI SUM (BAR)                 0.00     283.67      -0.00     283.61        10
 - FFT MLTPLY                    0.00       3.61       0.00       1.79     17280
 - TOTAL                      1108.79    1965.63    1055.22    1055.23         1
 
 Job Done
 
