
     Program PW2BGW v.7.3 starts on 31Dec2023 at 19:15:43 

     This program is part of the open-source Quantum ESPRESSO suite
     for quantum simulation of materials; please cite
         "P. Giannozzi et al., J. Phys.:Condens. Matter 21 395502 (2009);
         "P. Giannozzi et al., J. Phys.:Condens. Matter 29 465901 (2017);
         "P. Giannozzi et al., J. Chem. Phys. 152 154105 (2020);
          URL http://www.quantum-espresso.org", 
     in publications or presentations arising from this work. More details at
     http://www.quantum-espresso.org/quote

     Parallel version (MPI), running on    64 processors

     MPI processes distributed on     4 nodes
     R & G space division:  proc/nbgrp/npool/nimage =      64
     416513 MiB available memory on the printing compute node when the environment starts


     Reading xml data from directory:

     ./out/MOSE2_WS2.save/

     IMPORTANT: XC functional enforced from input :
     Exchange-correlation= PBE
                           (   1   4   3   4   0   0   0)
     Any further DFT definition will be discarded
     Please, verify this is what you really want


     Parallelization info
     --------------------
     sticks:   dense  smooth     PW     G-vecs:    dense   smooth      PW
     Min          19      19      6                 5235     5235    1012
     Max          20      20      7                 5280     5280    1059
     Sum        1261    1261    421               336547   336547   66535

     Using Slab Decomposition

     Reading collected, re-writing distributed wavefunctions

     NLCC is present

     pw2bgw running with full spinors (non-collinear).

     call write_wfng
     done write_wfng


     write_wfng   :     34.36s CPU     73.82s WALL (       1 calls)

     PW2BGW       :   1m 4.77s CPU   2m35.62s WALL


   This run was terminated on:  19:18:19  31Dec2023            

=------------------------------------------------------------------------------=
   JOB DONE.
=------------------------------------------------------------------------------=
