
 BerkeleyGW version 3.0
 Sigma code, Complex version, run on 01-Jan-2024 at 06:22:22 -0800

                                                                 ..o.          
                                                                .oxxo.         
                                                               .oxxxxo...      
                                                               oxxxxxxo.       
                                                              .oxxxxxxx.       
                                                              .ooooooxxo..     
                                                              .oooooooxo..     
                                                              .oooooxxo...     
                                                       .........oxooo......    
                                                 ............................  
                                             ................................. 
                                          .................................... 
           .          ..oo. ....  .................................oooxxxxxxxo.
     .............oxxxx@ox@@@x@x.....................o...........ooooooooooxx. 
    .o.........oox@x.oo........xxx@@............ooxxxxo..........ooooxxxxxoxo  
    .x........x@xxo...............o@xxo........oxxx@@@xoooooooooooooooxxxo...  
    .o......ox@@o..................oox@o.....ooxxx@xoooxxxxxxxoooooooooooo.... 
    o..ooooo@@xoooo....ooo...........x@o.....ooxxxxo   .oxxxxxxxxxxooooooo.... 
    . .oooo@@@@@@@@@@@@@@@@@@@@@@@@@@@@@@....ooooox.     .oxx@@@@@xxoo........ 
      .ooooxxxxxxxooooooxooooooooooooooxo...oooooxx.        ..ox@xxxoo.........
      .ooooooxxxx@xoooooooooooooxxoooooooooooxxxxx.            .oxxooooooooxxo.
     .oooooxxxxx@@@xxxxxxxxxxxxxxxxxxxxxxxxoxxxxo.                .oxxxxxxxxo. 
   ....oooxxxxx@@@xo..oxxx@@@@@@xxxxoxxoooooooxx.                  .oxxxoo..   
  .....ooxxxx@@xo.       ........    .ooooooooxxo                              
  ..oooxxxx@@@o                       .oooooooxoo.                             
  ....oxooxxxxx.                       .ooo..oooo.                             
  .....o.ooxxxxxo.                     .oooooooxo.                             
 ......ooooxxxxxxo.                     .ooooooxoo..                           
........ooxxxxxxxo..                     .o....oxoo...                         
.......ooooxxxxxxxo.                     ........oooo.                         
.ooooooo..ooxxxxoooo.                    .........ooo...                       
..oxo...ooooxxxoooo..                    .ooo......oooo...                     
  .ooooo....o.                            .oxxxoo....ooo....                   
    .oooooo...                              ...ooooo...ooo..                   
       ...                                     .oo.......                      
                                               ....ooo...                      
                      __              __                                       
 ______              [  |            [  |                 ._____  _          _ 
|_   _ \              | |  _          | |                /  ___ \| |        | |
  | |_) | .---.  _. _.| | / |  .---.  | | .---.  _    _ / /    \_|\ \  /\  / / 
  |  __'./ /__\\[ /`\_| '' <  / /__\\ | |/ /__\\| \  | | |   _____ \ \/  \/ /  
 _| |__| | \__. | |   | |`\ \ | \___. | || \___. \ \/ / \ \.___| |  \  /\  /   
|_______/ \.__./[_]  [__|  \_] \.__./[___]\.__./  \  /   \.____./    \/  \/    
                                                  / /                          
                                                 /_/                           
 --------------------------------------------------------------------------------
 Please cite the main BerkeleyGW paper when using results from this calculation:

 Jack Deslippe, Georgy Samsonidze, David A. Strubbe, Manish Jain, Marvin L.
 Cohen, and Steven G. Louie, "BerkeleyGW: A Massively Parallel Computer Package
 for the Calculation of the Quasiparticle and Optical Properties of Materials
 and Nanostructures," Comput. Phys. Commun. 183, 1269 (2012)

 Aditionally, PLEASE CITE ALL PAPERS REPORTED AT THE END OF THIS CALCULATION.
 --------------------------------------------------------------------------------

 Running MPI version (parallel)
 Running with 512 MPI task(s)
 Using OpenMP. Number of threads per MPI task: 2
 Number of threads used for sorting routines: 1

 Compilation flags:
 - Compiler: GNU
 - Para. flags: MPI, OMP
 - Math  flags: USESCALAPACK, UNPACKED, USEFFTW3, HDF5
 - Debug flags: 

 Running with verbosity level 1 (default).

 Using the Generalized Plasmon Pole model

 We are communicating via MPI

 Computing CH as a partial sum over empty bands

 Running with semiconductor screening

 We are using a truncated Coulomb interaction: cell slab
 Cutoff for Monte-Carlo average of Coulomb potential: 1.000E-012 Ry

 Reading exchange-correlation matrix elements from vxc.dat file

 Treating W within the Hybertsen-Louie Generalized Plasmon Pole model

 Memory available: 3709.8 MB per PE

 Read from eps0mat.h5:
 - Number of G-vectors in the charge-density grid: 336547
 - Max. number of G-vectors for dielectric matrices: 6239
 - Cutoff of the dielectric matrix (Ry): 35.000
 - Number of imaginary frequencies: 0
 - Total number of frequencies: 1
 - Frequency dependence: 0
 - Number of q-points: 10
 - Q grid: 6 6 1

 Read from epsmat.h5:
 - Number of G-vectors in the charge-density grid: 336547
 - Max. number of G-vectors for dielectric matrices: 6252
 - Cutoff of the dielectric matrix: 35.000
 - Number of imaginary frequencies: 0
 - Total number of frequencies: 1
 - Frequency dependence: 0
 - Number of q-points: 9
 - Q grid: 6 6 1

 Reading header of WFN_inner
 Highest occupied band (unshifted grid) = 26
 Valence max    (unshifted grid) = -2.093232 eV
 Conduction min (unshifted grid) = -.539855 eV
 Middle energy  (unshifted grid) = -1.316544 eV
 Fermi  energy  (unshifted grid) = -1.316544 eV


 Calculation parameters:
 - Cutoff of the bare Coulomb interaction (Ry): 125.00
 - Cutoff of the screened Coulomb interaction (Ry): 35.00
 - Number of G-vectors up to the bare int. cutoff: 42165
 - Number of G-vectors up to the screened int. cutoff: 6239
 - Total number of bands in the calculation: 459
 - Number of fully occupied valence bands: 26
 - Number of partially occ. conduction bands: 0

 Memory required for execution: 159.4 MB per PE
 Memory required for vcoul: 114.4 MB per PE

 Number of electrons per unit cell (from ifmax) = 26.000000
 Number of electrons per unit cell (from occupations) = 26.000000
 Plasma Frequency = .856673 Ry

 Q-grid symmetries are being used.
WARNING: RHO has total charge  18.0000     but WFN_inner occupations give charge  26.0000    

 Parallelization report:
 - Using 512 processor(s), 3 pool(s), 170 processor(s) per pool.
  - Note: distribution is not ideal; 2 processor(s) is/are idle.
 - Each pool is computing 4 diagonal sigma matrix element(s).
 - Each pool is computing 0 off-diagonal sigma matrix element(s).
 - Each pool is holding 0 to 3 band(s).
 - Note: distribution is not ideal because the total number of bands
   (459) is not divisible by the number of processors per pool (170).


 Started reading wavefunctions (WFN_inner) with 4590 state(s) at 06:22:23.
 [ 06:22:23 |   0% ] state    1 / 4590.
 [ 06:22:23 |   0% ] state    3 / 4590, remaining: 46 s.
 [ 06:22:24 |  10% ] state  459 / 4590, remaining: 7 s.
 [ 06:22:24 |  20% ] state  918 / 4590, remaining: 6 s.
 [ 06:22:25 |  30% ] state 1377 / 4590, remaining: 5 s.
 [ 06:22:26 |  40% ] state 1836 / 4590, remaining: 4 s.
 [ 06:22:26 |  50% ] state 2295 / 4590, remaining: 4 s.
 [ 06:22:27 |  60% ] state 2754 / 4590, remaining: 3 s.
 [ 06:22:28 |  70% ] state 3213 / 4590, remaining: 2 s.
 [ 06:22:28 |  80% ] state 3672 / 4590, remaining: 1 s.
 [ 06:22:29 |  90% ] state 4131 / 4590, remaining: 1 s.
 [ 06:22:30 | 100% ] state 4590 / 4590, remaining: 0 s.
 Finished reading wavefunctions (WFN_inner) at 06:22:30.
 Elapsed time: 7 s.


 Scissors parameters:
 - Valence:    es =   0.0000 eV, e0 =   0.0000 eV, edel =   0.0000
 - Conduction: es =   0.0000 eV, e0 =   0.0000 eV, edel =   0.0000

 Scissors parameters (outer):
 - Valence:    es =   0.0000 eV, e0 =   0.0000 eV, edel =   0.0000
 - Conduction: es =   0.0000 eV, e0 =   0.0000 eV, edel =   0.0000


 Data for sum rule:
 - rho(0,1) = 18.000000 electrons
 - wp = 9.698075 eV

 Number of bands to compute diagonal self-energy matrix elements: 12
 Bands:
 - 19
 - 20
 - 21
 - 22
 - 23
 - 24
 - 25
 - 26
 - 27
 - 28
 - 29
 - 30
 Number of off-diagonal bands to compute self-energy matrix elements: 0

 GPU acceleration is : DISABLED

 Algorithms used:
 - mtxel     : CPU_ALGO
 - sigma_gpp : CPU_ALGO

 Total number of frequencies in the dielectric matrix: 1
 Number of imag. frequencies in the dielectric matrix: 0


 Started reading eps0mat.h5 with 10 q-point(s) at 06:22:30.
 [ 06:22:30 |   0% ] q-point  1 / 10.
 [ 06:22:31 |  10% ] q-point  2 / 10.
 [ 06:22:31 |  20% ] q-point  3 / 10, remaining: 4 s.
 [ 06:22:32 |  30% ] q-point  4 / 10, remaining: 4 s.
 [ 06:22:32 |  40% ] q-point  5 / 10, remaining: 3 s.
 [ 06:22:33 |  50% ] q-point  6 / 10, remaining: 3 s.
 [ 06:22:33 |  60% ] q-point  7 / 10, remaining: 2 s.
 [ 06:22:34 |  70% ] q-point  8 / 10, remaining: 2 s.
 [ 06:22:34 |  80% ] q-point  9 / 10, remaining: 1 s.
 [ 06:22:35 |  90% ] q-point 10 / 10, remaining: 1 s.
 Finished reading eps0mat.h5 at 06:22:35.
 Elapsed time: 5 s.


 Started reading epsmat.h5 with 9 q-point(s) at 06:22:35.
 [ 06:22:35 |   0% ] q-point 1 / 9.
 [ 06:22:36 |  11% ] q-point 2 / 9.
 [ 06:22:37 |  22% ] q-point 3 / 9, remaining: 4 s.
 [ 06:22:37 |  33% ] q-point 4 / 9, remaining: 3 s.
 [ 06:22:38 |  44% ] q-point 5 / 9, remaining: 3 s.
 [ 06:22:38 |  56% ] q-point 6 / 9, remaining: 2 s.
 [ 06:22:39 |  67% ] q-point 7 / 9, remaining: 2 s.
 [ 06:22:39 |  78% ] q-point 8 / 9, remaining: 1 s.
 [ 06:22:40 |  89% ] q-point 9 / 9, remaining: 1 s.
 Finished reading epsmat.h5 at 06:22:40.
 Elapsed time: 5 s.


 Sum of subweights before renormalization: 9999999.000000

 Cutoff for subsampled q-points: 1.451229767

WARNING: checkbz: unfolded BZ from epsmat has missing q-points
See file checkbz.log for more information.

 Number of k-points in WFN_inner: 10
 Number of k-points in the full BZ of WFN_inner: 45

================================================================================
 06:22:40   Dealing with k =  0.333333  0.333333  0.000000                 1 / 1
================================================================================

 Reading vxc.dat
 Number of q-points in the irreducible BZ(k) (nrq): 23

 Started calculating Sigma with 96 block(s) at 06:22:40.
 [ 06:22:41 |   0% ] block  1 / 96.
 [ 06:22:44 |   2% ] block  3 / 96, remaining: 140 s.
 [ 06:22:50 |   9% ] block 10 / 96, remaining: 80 s.
 [ 06:22:56 |  20% ] block 20 / 96, remaining: 55 s.
 [ 06:23:01 |  29% ] block 29 / 96, remaining: 45 s.
 [ 06:23:06 |  40% ] block 39 / 96, remaining: 36 s.
 [ 06:23:16 |  49% ] block 48 / 96, remaining: 35 s.
 [ 06:23:31 |  59% ] block 58 / 96, remaining: 34 s.
 [ 06:23:47 |  70% ] block 68 / 96, remaining: 28 s.
 [ 06:24:01 |  79% ] block 77 / 96, remaining: 21 s.
 [ 06:24:17 |  90% ] block 87 / 96, remaining: 11 s.
 [ 06:24:31 |  99% ] block 96 / 96, remaining: 1 s.
 Finished calculating Sigma at 06:24:32.
 Elapsed time: 112 s.

 Unsymmetrized values for ik =  10 spin = 1

     n      Emf       Eo      Vxc        X     SX-X       CH      Cor      Sig
    19   -6.274   -6.274  -13.626  -17.184   11.218   -9.341    1.876  -15.308
    20   -6.166   -6.166  -13.899  -17.349   11.132   -9.248    1.884  -15.465
    21   -5.552   -5.552  -12.990  -16.327   11.010   -9.326    1.684  -14.643
    22   -5.499   -5.499  -12.915  -16.193   10.951   -9.290    1.662  -14.531
    23   -4.726   -4.726  -14.147  -17.107   10.641   -9.257    1.384  -15.723
    24   -4.657   -4.657  -14.068  -17.004   10.688   -9.384    1.304  -15.700
    25   -2.521   -2.521  -15.418  -15.829    8.161   -8.784   -0.623  -16.452
    26   -2.093   -2.093  -14.938  -15.037    7.804   -8.496   -0.692  -15.728
    27   -0.540   -0.540  -16.264  -11.844    4.429   -8.685   -4.255  -16.100
    28   -0.510   -0.510  -16.294  -12.000    4.577   -8.531   -3.954  -15.954
    29    0.997    0.997  -14.265   -9.197    3.631   -8.426   -4.795  -13.993
    30    1.013    1.013  -14.727   -9.647    3.787   -8.483   -4.696  -14.343

 Symmetrized values from band-averaging:

       k =  0.333333  0.333333  0.000000 ik =  10 spin = 1

     n      Emf       Eo      Vxc        X      Cor     Eqp0     Eqp1      Znk
    19   -6.274   -6.274  -13.626  -17.184    1.876   -7.956   -7.578    0.775
    20   -6.166   -6.166  -13.899  -17.349    1.884   -7.732   -7.382    0.777
    21   -5.552   -5.552  -12.990  -16.327    1.684   -7.205   -6.847    0.784
    22   -5.499   -5.499  -12.915  -16.193    1.662   -7.115   -6.765    0.784
    23   -4.726   -4.726  -14.147  -17.107    1.384   -6.302   -5.960    0.782
    24   -4.657   -4.657  -14.068  -17.004    1.304   -6.289   -5.933    0.782
    25   -2.521   -2.521  -15.418  -15.829   -0.623   -3.555   -3.335    0.787
    26   -2.093   -2.093  -14.938  -15.037   -0.692   -2.883   -2.718    0.790
    27   -0.540   -0.540  -16.264  -11.844   -4.255   -0.375   -0.411    0.779
    28   -0.510   -0.510  -16.294  -12.000   -3.954   -0.169   -0.244    0.780
    29    0.997    0.997  -14.265   -9.197   -4.795    1.269    1.211    0.787
    30    1.013    1.013  -14.727   -9.647   -4.696    1.397    1.315    0.785

================================================================================

    n = band index.
  Emf = "inner" mean-field energy eigenvalue used to construct Sigma(E),
        read from WFN_inner.
   Eo = "outer" mean-field energy eigenvalue where we center the evaluation
        frequency grid {E} of Sigma(E). Defaults to Emf, unless
        you use WFN_outer and eqp_outer.dat / scissors_outer.
  Vxc = exchange-correlation pot., calculated from VXC or read from vxc.dat.
  KIH = Kinetic energy + Ionic potential + Hartree, read from kih.dat.
    X = bare exchange.
   SX = screened exchange contrib. to Sigma(E) at energy E=Eo
   CH = Coulomb hole contrib. to Sigma(E) at energy E=Eo
  Cor = SX-X + CH = correlation portion of Sigma(E) at energy E=Eo.
  Sig = X + Cor = self energy, Sigma(E), at energy E=Eo.
 Eqp0 = on-shell QP energy = Emf - Vxc + Sig(Eo)
        Eqp0 is *not* the recommended quantity to use for QP properties.
 Eqp1 = off-shell solution to the linearized  Dyson`s equation
      = Eqp0 + (dSig/dE) / (1 - dSig/dE) * (Eqp0 - Eo),
        or a full linear interpolation if more freq. points where computed.
        Eqp1 is the recommended quantity to use for QP properties.
  Znk = quasiparticle renormalization factor

 Notes on the finite_difference_form from sigma.inp file:
   none    : -2 => dSig/dE = 0 (skip the expansion)
   backward: -1 => dSig/dE = (Sig(Eo) - Sig(Eo-dE)) / dE
   central :  0 => dSig/dE = (Sig(Eo+dE) - Sig(Eo-dE)) / (2*dE)
   forward :  1 => dSig/dE = (Sig(Eo+dE) - Sig(Eo)) / dE
   default :  2 => forward for diagonal and none for off-diagonal
   dE is finite_difference_spacing from Sigma.inp file.
   We are using the form #2 with dE = 1.000 eV.

 General notes:
 - All energies are reported here in eV.
 - Both Emf and Vxc contain the average pot. Vxc0, so Vxc0 doesn`t affect Sigma.
 - Eqp1 and Eqp0 are Eqs. (36-37) from Hybertsen & Louie PRB 34 5390.
 - We recommend you use Eqp1 for QP properties of materials.

================================================================================


WARNING: |Eqp0 - Eo| > finite_difference_spacing. Linear extrapolation for eqp1
may be inaccurate. You should test the validity of eqp1 by rerunning the
calculation with the self energy evaluated at the eqp0 energies. For that,
use the eqp_outer.dat file, created with eqp.py script and point WFN_outer to
WFN_inner, if you were not already using WFN_outer.


********************************************************************************
*                                                                              *
* Your calculation employed methods and algorithms published in peer-reviewed  *
* papers. Please, cite the following references to give proper credit to their *
*          authors and help support future development of BerkeleyGW.          *
*                                                                              *
********************************************************************************

 J. Deslippe, G. Samsonidze, D. A. Strubbe, M. Jain, M. L. Cohen, and S. G.
 Louie, BerkeleyGW: A Massively Parallel Computer Package for the Calculation
 of the Quasiparticle and Optical Properties of Materials and Nanostructures,
 Computer Physics Communications 183, 1269 (2012).

 M. S. Hybertsen and S. G. Louie, Electron Correlation in Semiconductors and
 Insulators: Band Gaps and Quasiparticle Energies, Phys. Rev. B 34, 5390
 (1986).

 S. Ismail-Beigi, Truncation of Periodic Image Interactions for Confined
 Systems, Phys. Rev. B 73, 233103 (2006).

 F. H. da Jornada, D. Y. Qiu, and S. G. Louie, Nonuniform Sampling Schemes of
 the Brillouin Zone for Many-Electron Perturbation-Theory Calculations in
 Reduced Dimensionality, Phys. Rev. B 95, 035109 (2017).

 B. A. Barker, and S. G. Louie, Electronic and Optical Properties of Solids
 with Strong Spin-Orbit Coupling, U. C. Berkeley PhD dissertation (2018).

********************************************************************************

 
 Timing information
 
                                CPU time (s)          WALL time (s)       Number
 Routine                       min        max        min        max     of calls
 -------------------------  ---------  ---------  ---------  ---------  --------
 - Input I/O                     0.16       3.61       0.15       3.64      4613
 - Input Comm                    3.15       6.99       3.17       7.01      4613
 - FFT Zero                      1.37      12.83       0.72       6.45       768
 - FFT Put                       0.39       2.62       0.22       1.32       768
 - FFT Plan                      0.13       1.32       0.07       0.67      1344
 - FFT Exec                      8.06      67.12       4.04      33.56      1344
 - FFT Mltply                    0.00      15.31       0.00       7.67       576
 - FFT Conjg                     0.41       3.50       0.19       1.74       192
 - FFT Get                       0.00       2.55       0.00       1.25       576
 - I/O TOTAL                    17.30      17.63      17.58      17.64         8
 - INPUT                         7.26       7.48       7.42       7.48         1
 - EPSCOPY                      10.00      10.31      10.32      10.32         1
 - FULLBZ                        0.00       0.01      -0.00       0.04         2
 - VXC                           0.00       0.00      -0.00       0.02         2
 - SUBGRP                        0.00       0.00      -0.00       0.00         1
 - IRRBZ                         0.00       0.00      -0.00       0.00         1
 - GMAP                          0.23       0.26       0.23       0.27        24
 - GENWF                         0.49       0.97       0.49       0.97        24
 - MTXEL                        14.12     102.33       7.09      51.20        96
 - MTXEL_COR TOT                 0.00     158.76       0.00     101.51        96
 - VCOUL                         1.26      86.37       1.26      86.36        24
 - EPSREAD                       0.15       0.20       0.15       0.21        24
 - INPUT_OUTER                   0.00       0.00       0.00       0.00         1
 - MTXEL COMM                    0.00       0.01      -0.00       0.00        24
 - BARE X                        0.00       0.28      -0.00       0.16        97
 - WF COMM                       0.00       0.00      -0.00       0.00         1
 - INPUT (READ)                  6.89       7.12       7.08       7.12      4611
 - INPUT (WRITE)                 0.00       0.01      -0.00       0.02      4590
 - SUB-TRANSF TOT                0.00       0.00      -0.00       0.00        96
 - M.COR INIT                    0.00       0.54       0.00       0.27        96
 - M.COR EPSINIT                 0.00       3.02       0.00       1.46        96
 - M.COR COMM                    0.00      77.11       0.00      60.49     16320
 - M.COR PP PREP                 0.00       1.76       0.00       1.05      2112
 - M.COR SX+CH                   0.00      96.00       0.00      48.36     44064
 - READ NEPS                     0.00       0.01       0.00       0.01         1
 - EPSCOPY IO                    9.92      10.23      10.22      10.25        19
 - EQP LOOP TOTAL              125.02     218.75     106.61     111.89         1
 - TOTAL                       147.99     236.57     129.74     129.75         1
 
 Job Done
 
